        -:    0:Source:E:/Folders/UBB An 1 sem 2/Qtie/Domain.cpp
        -:    0:Graph:E:\Folders\UBB An 1 sem 2\Qtie\cmake-build-debug-coverage\CMakeFiles\Qtie.dir\Domain.cpp.gcno
        -:    0:Data:E:\Folders\UBB An 1 sem 2\Qtie\cmake-build-debug-coverage\CMakeFiles\Qtie.dir\Domain.cpp.gcda
        -:    0:Runs:1
        -:    1:#include "Domain.h"
        -:    2:
function _ZN7LocatarC2Ev called 1 returned 100% blocks executed 100%
        1:    3:Locatar::Locatar() {
        1:    3-block  0
call    0 returned 1
call    1 returned 1
        1:    4:    suprafata=apartament=0;
        1:    5:}
function _ZN7LocatarC2EiRNSt7__cxx1112basic_stringIcSt11char_traitsIcESaIcEEEiS6_ called 35 returned 100% blocks executed 67%
       35:    6:Locatar::Locatar(int apartament, std::string &nume_proprietar, int suprafata, std::string &tip){
       35:    6-block  0
call    0 returned 35
call    1 returned 35
       35:    7:    this->apartament=apartament;
       35:    8:    this->proprietar=nume_proprietar;
call    0 returned 35
branch  1 taken 35 (fallthrough)
branch  2 taken 0 (throw)
       35:    9:    this->suprafata=suprafata;
       35:   10:    this->tip=tip;
       35:   10-block  0
call    0 returned 35
branch  1 taken 35 (fallthrough)
branch  2 taken 0 (throw)
       35:   11:}
       35:   11-block  0
    $$$$$:   11-block  1
call    0 never executed
    $$$$$:   11-block  2
call    1 never executed
        -:   12:
function _ZN7LocatarC2ERKS_ called 158 returned 100% blocks executed 67%
      158:   13:Locatar::Locatar(const Locatar &obj){
      158:   13-block  0
call    0 returned 158
call    1 returned 158
      158:   14:    this->suprafata=obj.suprafata;
      158:   15:    this->apartament=obj.apartament;
      158:   16:    this->tip=obj.tip;
call    0 returned 158
branch  1 taken 158 (fallthrough)
branch  2 taken 0 (throw)
      158:   17:    this->proprietar=obj.proprietar;
      158:   17-block  0
call    0 returned 158
branch  1 taken 158 (fallthrough)
branch  2 taken 0 (throw)
      158:   18:}
      158:   18-block  0
    $$$$$:   18-block  1
call    0 never executed
    $$$$$:   18-block  2
call    1 never executed
        -:   19:
function _ZNK7Locatar14get_apartamentEv called 73 returned 100% blocks executed 100%
       73:   20:int Locatar::get_apartament() const{
       73:   21:    return this->apartament;
       73:   21-block  0
        -:   22:}
function _ZNK7Locatar14get_proprietarB5cxx11Ev called 54 returned 100% blocks executed 100%
       54:   23:std::string Locatar::get_proprietar() const{
       54:   24:    return this->proprietar;
       54:   24-block  0
call    0 returned 54
        -:   25:}
function _ZNK7Locatar7get_tipB5cxx11Ev called 28 returned 100% blocks executed 100%
       28:   26:std::string Locatar::get_tip() const{
       28:   27:    return this->tip;
       28:   27-block  0
call    0 returned 28
        -:   28:}
function _ZNK7Locatar13get_suprafataEv called 27 returned 100% blocks executed 100%
       27:   29:int Locatar::get_suprafata() const{
       27:   30:    return this->suprafata;
       27:   30-block  0
        -:   31:}
        -:   32:
function _ZN7Locatar7set_tipERNSt7__cxx1112basic_stringIcSt11char_traitsIcESaIcEEE called 6 returned 100% blocks executed 100%
        6:   33:void Locatar::set_tip(std::string &tip1){
        6:   34:    this->tip=tip1;
        6:   34-block  0
call    0 returned 6
        6:   35:}
function _ZN7Locatar14set_apartamentERKi called 6 returned 100% blocks executed 100%
        6:   36:void Locatar::set_apartament(const int &apartament1){
        6:   37:    this->apartament=apartament1;
        6:   38:}
function _ZN7Locatar14set_proprietarERNSt7__cxx1112basic_stringIcSt11char_traitsIcESaIcEEE called 6 returned 100% blocks executed 100%
        6:   39:void Locatar::set_proprietar(std::string &proprietar1){
        6:   40:    this->proprietar=proprietar1;
        6:   40-block  0
call    0 returned 6
        6:   41:}
function _ZN7Locatar13set_suprafataERKi called 6 returned 100% blocks executed 100%
        6:   42:void Locatar::set_suprafata (const int &suprafata1){
        6:   43:    this->suprafata=suprafata1;
        6:   44:}
        -:   45:
function _ZlsRSoRK7Locatar called 9 returned 100% blocks executed 76%
        9:   46:ostream& operator <<(ostream& os, const Locatar& loc){
        9:   47:    os<<loc.get_apartament()<<" "<<loc.get_proprietar()<<" "<<loc.get_suprafata()<<" "<<loc.get_tip();
        9:   47-block  0
call    0 returned 9
call    1 returned 9
call    2 returned 9
call    3 returned 9
branch  4 taken 9 (fallthrough)
branch  5 taken 0 (throw)
        9:   47-block  1
call    6 returned 9
branch  7 taken 9 (fallthrough)
branch  8 taken 0 (throw)
        9:   47-block  2
call    9 returned 9
branch 10 taken 9 (fallthrough)
branch 11 taken 0 (throw)
        9:   47-block  3
call   12 returned 9
call   13 returned 9
branch 14 taken 9 (fallthrough)
branch 15 taken 0 (throw)
        9:   47-block  4
call   16 returned 9
branch 17 taken 9 (fallthrough)
branch 18 taken 0 (throw)
        9:   47-block  5
call   19 returned 9
branch 20 taken 9 (fallthrough)
branch 21 taken 0 (throw)
        9:   47-block  6
call   22 returned 9
branch 23 taken 9 (fallthrough)
branch 24 taken 0 (throw)
        9:   47-block  7
call   25 returned 9
call   26 returned 9
    $$$$$:   47-block  8
call   27 never executed
    $$$$$:   47-block  9
    $$$$$:   47-block 10
call   28 never executed
        9:   48:    return os;
        9:   48-block  0
        -:   49:}
