        -:    0:Source:E:/Folders/UBB An 1 sem 2/Qtie/main.cpp
        -:    0:Graph:E:\Folders\UBB An 1 sem 2\Qtie\cmake-build-debug-coverage\CMakeFiles\Qtie.dir\main.cpp.gcno
        -:    0:Data:E:\Folders\UBB An 1 sem 2\Qtie\cmake-build-debug-coverage\CMakeFiles\Qtie.dir\main.cpp.gcda
        -:    0:Runs:1
        -:    1:#include "Teste.h"
function main called 1 returned 100% blocks executed 100%
        1:    2:int main (int argc, char * argv[]){
        1:    3:    Teste::run_all_tests();
        1:    3-block  0
call    0 returned 1
        1:    4:}
