        -:    0:Source:E:/Folders/UBB An 1 sem 2/Qtie/Repository.cpp
        -:    0:Graph:E:\Folders\UBB An 1 sem 2\Qtie\cmake-build-debug-coverage\CMakeFiles\Qtie.dir\Repository.cpp.gcno
        -:    0:Data:E:\Folders\UBB An 1 sem 2\Qtie\cmake-build-debug-coverage\CMakeFiles\Qtie.dir\Repository.cpp.gcda
        -:    0:Runs:1
        -:    1:#include "Repository.h"
        -:    2:
        -:    3:
        -:    4:
function _ZN10Repository15adaugareLocatarERK7Locatar called 30 returned 100% blocks executed 100%
       30:    5:void Repository::adaugareLocatar(const Locatar &locatar){
       30:    6:    ListaLocatari.push_back(locatar);
       30:    6-block  0
call    0 returned 30
       30:    7:}
        -:    8:
function _ZN10Repository15stergereLocatarERKi called 4 returned 100% blocks executed 81%
        4:    9:void Repository::stergereLocatar(const int &apartament) {
       4*:   10:    for (int i=0;i<ListaLocatari.size();i++){
        4:   10-block  0
    %%%%%:   10-block  1
        4:   10-block  2
call    0 returned 4
branch  1 taken 4
branch  2 taken 0 (fallthrough)
        4:   11:        if (ListaLocatari[i].get_apartament()==apartament)
        4:   11-block  0
call    0 returned 4
call    1 returned 4
branch  2 taken 4 (fallthrough)
branch  3 taken 0
        -:   12:        {
        4:   13:            ListaLocatari.erase(ListaLocatari.begin()+i);
        4:   13-block  0
call    0 returned 4
call    1 returned 4
call    2 returned 4
call    3 returned 4
branch  4 taken 4 (fallthrough)
branch  5 taken 0 (throw)
    $$$$$:   13-block  1
    $$$$$:   13-block  2
        4:   14:            return;
        4:   14-block  0
        -:   15:        }
        -:   16:    }
        -:   17:}
        -:   18:
function _ZN10Repository18actualizareLocatarEiNSt7__cxx1112basic_stringIcSt11char_traitsIcESaIcEEEiS5_ called 4 returned 100% blocks executed 100%
        4:   19:void Repository::actualizareLocatar(const int apartament, string proprietar, const int suprafata, string tip){
        4:   20:    int it=0;
        5:   21:    while (it<ListaLocatari.size()&&ListaLocatari[it].get_apartament()!=apartament)
        4:   21-block  0
        5:   21-block  1
call    0 returned 5
branch  1 taken 5 (fallthrough)
branch  2 taken 0
        5:   21-block  2
call    3 returned 5
call    4 returned 5
branch  5 taken 1 (fallthrough)
branch  6 taken 4
        1:   21-block  3
        4:   21-block  4
        5:   21-block  5
branch  7 taken 1
branch  8 taken 4 (fallthrough)
        1:   22:        it++;
        1:   22-block  0
        4:   23:    ListaLocatari[it].set_suprafata(suprafata);
        4:   23-block  0
call    0 returned 4
call    1 returned 4
        4:   24:    ListaLocatari[it].set_proprietar(proprietar);
call    0 returned 4
call    1 returned 4
        4:   25:    ListaLocatari[it].set_tip(tip);
call    0 returned 4
call    1 returned 4
        4:   26:    ListaLocatari[it].set_apartament(apartament);
call    0 returned 4
call    1 returned 4
        4:   27:}
        -:   28:
function _ZN10Repository17cautareApartamentERKi called 37 returned 100% blocks executed 100%
       37:   29:bool Repository::cautareApartament(const int& apartament) {
function _ZZN10Repository17cautareApartamentERKiENKUlRK7LocatarE_clES4_ called 30 returned 100% blocks executed 100%
       67:   30:    return any_of(ListaLocatari.begin(),ListaLocatari.end(),[&apartament](const Locatar& a){return a.get_apartament()==apartament;});
       37:   30-block  0
call    0 returned 37
call    1 returned 37
call    2 returned 37
       30:   30-block  1
call    3 returned 30
        -:   31:
        -:   32:}
        -:   33:
function _ZN10Repository16extrage_LocatariEv called 23 returned 100% blocks executed 100%
       23:   34:vector<Locatar> Repository::extrage_Locatari(){
       23:   35:    return ListaLocatari;
       23:   35-block  0
call    0 returned 23
        -:   36:}
        -:   37:
function _ZN10Repository17extrageApartamentERKi called 8 returned 88% blocks executed 78%
        8:   38:Locatar& Repository::extrageApartament(const int& nr_apartament){
        9:   39:    for (int i=0;i<ListaLocatari.size();i++)
        8:   39-block  0
        1:   39-block  1
        9:   39-block  2
call    0 returned 9
branch  1 taken 8
branch  2 taken 1 (fallthrough)
        8:   40:        if (nr_apartament==ListaLocatari[i].get_apartament())
        8:   40-block  0
call    0 returned 8
call    1 returned 8
branch  2 taken 7 (fallthrough)
branch  3 taken 1
        7:   41:            return ListaLocatari[i];
        7:   41-block  0
call    0 returned 7
        3:   42:    throw Error("Apartament inexistent!");
        1:   42-block  0
call    0 returned 1
        1:   42-block  1
call    1 returned 1
branch  2 taken 1 (fallthrough)
branch  3 taken 0 (throw)
        1:   42-block  2
call    4 returned 1
call    5 returned 1
call    6 returned 0
    $$$$$:   42-block  3
    $$$$$:   42-block  4
    $$$$$:   42-block  5
call    7 never executed
        -:   43:}
        -:   44:
function _ZN14FileRepositoryC2ERKNSt7__cxx1112basic_stringIcSt11char_traitsIcESaIcEEE called 2 returned 100% blocks executed 67%
        2:   45:FileRepository::FileRepository(const std::string &path) {
        2:   45-block  0
call    0 returned 2
call    1 returned 2
        2:   46:    this->path=path;
call    0 returned 2
branch  1 taken 2 (fallthrough)
branch  2 taken 0 (throw)
        2:   47:    readFromFile();
        2:   47-block  0
call    0 returned 2
branch  1 taken 2 (fallthrough)
branch  2 taken 0 (throw)
        2:   48:}
        2:   48-block  0
    $$$$$:   48-block  1
call    0 never executed
    $$$$$:   48-block  2
call    1 never executed
        -:   49:
function _ZN14FileRepository27write_ListaLocatari_to_fileEv called 2 returned 100% blocks executed 81%
        2:   50:void FileRepository::write_ListaLocatari_to_file() {
        2:   51:    std::ofstream f2 (path);
        2:   51-block  0
call    0 returned 2
branch  1 taken 2 (fallthrough)
branch  2 taken 0 (throw)
        4:   52:    for (const auto& loc : ListaLocatari)
        2:   52-block  0
call    0 returned 2
call    1 returned 2
        2:   52-block  1
call    2 returned 2
        2:   52-block  2
call    3 returned 2
        4:   52-block  3
call    4 returned 4
branch  5 taken 2
branch  6 taken 2 (fallthrough)
        2:   53:        f2<<loc<<'\n';
call    0 returned 2
branch  1 taken 2 (fallthrough)
branch  2 taken 0 (throw)
        2:   53-block  0
call    3 returned 2
branch  4 taken 2 (fallthrough)
branch  5 taken 0 (throw)
        2:   54:    f2.close();
        2:   54-block  0
call    0 returned 2
branch  1 taken 2 (fallthrough)
branch  2 taken 0 (throw)
        2:   55:}
        2:   55-block  0
call    0 returned 2
    $$$$$:   55-block  1
call    1 never executed
        -:   56:
function _ZN14FileRepositoryC2ERKS_ called 1 returned 100% blocks executed 75%
        1:   57:FileRepository::FileRepository (const FileRepository& repo) : Repository((Repository &) repo) {
        1:   57-block  0
call    0 returned 1
call    1 returned 1
        1:   58:    this->path=repo.path;
call    0 returned 1
branch  1 taken 1 (fallthrough)
branch  2 taken 0 (throw)
        2:   59:    for (const auto &loc : repo.ListaLocatari){
        1:   59-block  0
call    0 returned 1
call    1 returned 1
        1:   59-block  1
call    2 returned 1
        1:   59-block  2
call    3 returned 1
        2:   59-block  3
call    4 returned 2
branch  5 taken 1
branch  6 taken 1 (fallthrough)
        1:   60:        ListaLocatari.push_back(loc);
call    0 returned 1
branch  1 taken 1 (fallthrough)
branch  2 taken 0 (throw)
        -:   61:    }
        1:   62:}
        1:   62-block  0
    $$$$$:   62-block  1
call    0 never executed
    $$$$$:   62-block  2
call    1 never executed
        -:   63:
function _ZN10Repository15copiaza_locatarERKi called 3 returned 67% blocks executed 77%
        3:   64:Locatar Repository::copiaza_locatar(const int& nr_apartament){
function _ZZN10Repository15copiaza_locatarERKiENKUlR7LocatarE_clES3_ called 3 returned 100% blocks executed 100%
        6:   65:    auto loc=find_if(ListaLocatari.begin(),ListaLocatari.end(),[&nr_apartament](Locatar& loc){return loc.get_apartament()==nr_apartament;});
        3:   65-block  0
call    0 returned 3
call    1 returned 3
call    2 returned 3
branch  3 taken 3 (fallthrough)
branch  4 taken 0 (throw)
        3:   65-block  1
call    5 returned 3
        3:   66:    if (loc!=ListaLocatari.end())
        3:   66-block  0
call    0 returned 3
call    1 returned 3
branch  2 taken 2 (fallthrough)
branch  3 taken 1
        4:   67:        return *loc;
        2:   67-block  0
call    0 returned 2
call    1 returned 2
branch  2 taken 2 (fallthrough)
branch  3 taken 0 (throw)
        2:   67-block  1
        3:   68:    throw Error("Locatar inexistent!\n");
        1:   68-block  0
call    0 returned 1
        1:   68-block  1
call    1 returned 1
branch  2 taken 1 (fallthrough)
branch  3 taken 0 (throw)
        1:   68-block  2
call    4 returned 1
call    5 returned 1
call    6 returned 1
    $$$$$:   68-block  3
    $$$$$:   68-block  4
    $$$$$:   68-block  5
call    7 never executed
        -:   69:}
        -:   70:
function _ZN14FileRepository15adaugareLocatarERK7Locatar called 3 returned 100% blocks executed 100%
        3:   71:void FileRepository::adaugareLocatar(const Locatar& locatar){
        3:   72:    ListaLocatari.push_back(locatar);
        3:   72-block  0
call    0 returned 3
        3:   73:    writeToFile();
call    0 returned 3
        3:   74:}
        -:   75:
function _ZN14FileRepository15stergereLocatarERKi called 2 returned 100% blocks executed 82%
        2:   76:void FileRepository::stergereLocatar(const int& apartament){
       2*:   77:    for (int i=0;i<ListaLocatari.size();i++){
        2:   77-block  0
    %%%%%:   77-block  1
        2:   77-block  2
call    0 returned 2
branch  1 taken 2
branch  2 taken 0 (fallthrough)
        2:   78:        if (ListaLocatari[i].get_apartament()==apartament)
        2:   78-block  0
call    0 returned 2
call    1 returned 2
branch  2 taken 2 (fallthrough)
branch  3 taken 0
        -:   79:        {
        2:   80:            ListaLocatari.erase(ListaLocatari.begin()+i);
        2:   80-block  0
call    0 returned 2
call    1 returned 2
call    2 returned 2
call    3 returned 2
branch  4 taken 2 (fallthrough)
branch  5 taken 0 (throw)
    $$$$$:   80-block  1
    $$$$$:   80-block  2
        2:   81:            writeToFile();
        2:   81-block  0
call    0 returned 2
        2:   82:            return;
        -:   83:        }
        -:   84:    }
        -:   85:}
        -:   86:
function _ZN14FileRepository18actualizareLocatarEiNSt7__cxx1112basic_stringIcSt11char_traitsIcESaIcEEEiS5_ called 1 returned 100% blocks executed 100%
        1:   87:void FileRepository::actualizareLocatar(int apartament, string proprietar, int suprafata, string tip){
        1:   88:    int it=0;
        2:   89:    while (it<ListaLocatari.size()&&ListaLocatari[it].get_apartament()!=apartament)
        1:   89-block  0
        2:   89-block  1
call    0 returned 2
branch  1 taken 2 (fallthrough)
branch  2 taken 0
        2:   89-block  2
call    3 returned 2
call    4 returned 2
branch  5 taken 1 (fallthrough)
branch  6 taken 1
        1:   89-block  3
        1:   89-block  4
        2:   89-block  5
branch  7 taken 1
branch  8 taken 1 (fallthrough)
        1:   90:        it++;
        1:   90-block  0
        1:   91:    ListaLocatari[it].set_suprafata(suprafata);
        1:   91-block  0
call    0 returned 1
call    1 returned 1
        1:   92:    ListaLocatari[it].set_proprietar(proprietar);
call    0 returned 1
call    1 returned 1
        1:   93:    ListaLocatari[it].set_tip(tip);
call    0 returned 1
call    1 returned 1
        1:   94:    ListaLocatari[it].set_apartament(apartament);
call    0 returned 1
call    1 returned 1
        1:   95:    writeToFile();
call    0 returned 1
        1:   96:}
        -:   97:
function _ZN14FileRepository11writeToFileEv called 6 returned 100% blocks executed 81%
        6:   98:void FileRepository::writeToFile() {
        6:   99:    ofstream f2 (path);
        6:   99-block  0
call    0 returned 6
branch  1 taken 6 (fallthrough)
branch  2 taken 0 (throw)
       13:  100:    for (const auto& loc : ListaLocatari)
        6:  100-block  0
call    0 returned 6
call    1 returned 6
        7:  100-block  1
call    2 returned 7
        7:  100-block  2
call    3 returned 7
       13:  100-block  3
call    4 returned 13
branch  5 taken 7
branch  6 taken 6 (fallthrough)
        7:  101:        f2<<loc<<"\n";
call    0 returned 7
branch  1 taken 7 (fallthrough)
branch  2 taken 0 (throw)
        7:  101-block  0
call    3 returned 7
branch  4 taken 7 (fallthrough)
branch  5 taken 0 (throw)
        6:  102:    f2.close();
        6:  102-block  0
call    0 returned 6
branch  1 taken 6 (fallthrough)
branch  2 taken 0 (throw)
        6:  103:}
        6:  103-block  0
call    0 returned 6
    $$$$$:  103-block  1
call    1 never executed
        -:  104:
function _ZN14FileRepository12readFromFileEv called 2 returned 100% blocks executed 66%
        2:  105:void FileRepository::readFromFile() {
        2:  106:    ListaLocatari.clear();
        2:  106-block  0
call    0 returned 2
        2:  107:    ifstream f (path);
call    0 returned 2
branch  1 taken 2 (fallthrough)
branch  2 taken 0 (throw)
        -:  108:    int apartament;
        2:  109:    string nume;
        2:  109-block  0
call    0 returned 2
        -:  110:    int suprafata;
        2:  111:    string tip;
call    0 returned 2
        3:  112:    while (f>>apartament>>nume>>suprafata>>tip){
        3:  112-block  0
call    0 returned 3
branch  1 taken 3 (fallthrough)
branch  2 taken 0 (throw)
        3:  112-block  1
call    3 returned 3
branch  4 taken 3 (fallthrough)
branch  5 taken 0 (throw)
        3:  112-block  2
call    6 returned 3
branch  7 taken 3 (fallthrough)
branch  8 taken 0 (throw)
        3:  112-block  3
call    9 returned 3
branch 10 taken 3 (fallthrough)
branch 11 taken 0 (throw)
        3:  112-block  4
call   12 returned 3
branch 13 taken 3 (fallthrough)
branch 14 taken 0 (throw)
        3:  112-block  5
branch 15 taken 1
branch 16 taken 2 (fallthrough)
        1:  113:        int ap=apartament;
        1:  114:        string num=nume;
        1:  114-block  0
call    0 returned 1
branch  1 taken 1 (fallthrough)
branch  2 taken 0 (throw)
        1:  115:        int sup=suprafata;
        1:  116:        string ti=tip;
        1:  116-block  0
call    0 returned 1
branch  1 taken 1 (fallthrough)
branch  2 taken 0 (throw)
        1:  117:        Locatar loc = Locatar(ap,num,sup,ti);
        1:  117-block  0
call    0 returned 1
branch  1 taken 1 (fallthrough)
branch  2 taken 0 (throw)
        1:  118:        ListaLocatari.push_back(loc);
        1:  118-block  0
call    0 returned 1
branch  1 taken 1 (fallthrough)
branch  2 taken 0 (throw)
        1:  119:    }
        1:  119-block  0
call    0 returned 1
call    1 returned 1
call    2 returned 1
    $$$$$:  119-block  1
call    3 never executed
    $$$$$:  119-block  2
call    4 never executed
    $$$$$:  119-block  3
call    5 never executed
        2:  120:    f.close();
        2:  120-block  0
call    0 returned 2
branch  1 taken 2 (fallthrough)
branch  2 taken 0 (throw)
        2:  121:}
        2:  121-block  0
call    0 returned 2
call    1 returned 2
call    2 returned 2
    $$$$$:  121-block  1
call    3 never executed
    $$$$$:  121-block  2
call    4 never executed
    $$$$$:  121-block  3
call    5 never executed
        -:  122:
function _ZN14FileRepository9clearFileEv called 2 returned 100% blocks executed 78%
        2:  123:void FileRepository::clearFile() {
        2:  124:    ofstream f2 (path);
        2:  124-block  0
call    0 returned 2
branch  1 taken 2 (fallthrough)
branch  2 taken 0 (throw)
        2:  125:    f2<<"";
        2:  125-block  0
call    0 returned 2
branch  1 taken 2 (fallthrough)
branch  2 taken 0 (throw)
        2:  126:    ListaLocatari.clear();
        2:  126-block  0
call    0 returned 2
        2:  127:    f2.close();
call    0 returned 2
branch  1 taken 2 (fallthrough)
branch  2 taken 0 (throw)
        2:  128:}
        2:  128-block  0
call    0 returned 2
    $$$$$:  128-block  1
call    1 never executed
