        -:    0:Source:E:/Folders/UBB An 1 sem 2/Qtie/Undo.h
        -:    0:Graph:E:\Folders\UBB An 1 sem 2\Qtie\cmake-build-debug-coverage\CMakeFiles\Qtie.dir\Service.cpp.gcno
        -:    0:Data:E:\Folders\UBB An 1 sem 2\Qtie\cmake-build-debug-coverage\CMakeFiles\Qtie.dir\Service.cpp.gcda
        -:    0:Runs:1
        -:    1://
        -:    2:// Created by Legion user on 03.05.2024.
        -:    3://
        -:    4:
        -:    5:#ifndef QTIE_UNDO_H
        -:    6:#define QTIE_UNDO_H
        -:    7:
        -:    8:#include "Repository.h"
        -:    9:#include "Domain.h"
        -:   10://clasa abstracta din care mostenesc pentru cele 3 undo-uri (adaugare,stergere,modificare)
        -:   11:class ActiuneUndo {
        -:   12:public:
        -:   13:    virtual void doUndo() = 0;
function _ZN11ActiuneUndoD2Ev called 29 returned 100% blocks executed 100%
       29:   14:    virtual ~ActiuneUndo() = default;
        -:   15:};
        -:   16:
        -:   17:class UndoAdauga : public ActiuneUndo {
        -:   18:private:
        -:   19:    AbstractRepository& repo;
        -:   20:    Locatar loc;
        -:   21:public:
function _ZN10UndoAdaugaC1ER18AbstractRepositoryRK7Locatar called 25 returned 100% blocks executed 80%
       25:   22:    UndoAdauga(AbstractRepository& repo, const Locatar& loc) :repo{repo},loc{loc}{}
       25:   22-block  0
call    0 returned 25
call    1 returned 25
branch  2 taken 25 (fallthrough)
branch  3 taken 0 (throw)
       25:   22-block  1
    $$$$$:   22-block  2
call    4 never executed
function _ZN10UndoAdauga6doUndoEv called 1 returned 100% blocks executed 100%
        1:   23:    void doUndo() override {
        1:   24:        repo.stergereLocatar(loc.get_apartament());
        1:   24-block  0
call    0 returned 1
branch  1 taken 1 (fallthrough)
branch  2 taken 0 (throw)
        1:   24-block  1
call    3 returned 1
branch  4 taken 1 (fallthrough)
branch  5 taken 0 (throw)
        1:   25:    }
        1:   25-block  0
        -:   26:};
        -:   27:
        -:   28:class UndoSterge : public ActiuneUndo {
        -:   29:private:
        -:   30:    AbstractRepository& repo;
        -:   31:    Locatar loc;
        -:   32:public:
function _ZN10UndoStergeC1ER18AbstractRepositoryRK7Locatar called 2 returned 100% blocks executed 80%
        2:   33:    UndoSterge(AbstractRepository& repo,const Locatar& loc) : repo{repo},loc{loc}{}
        2:   33-block  0
call    0 returned 2
call    1 returned 2
branch  2 taken 2 (fallthrough)
branch  3 taken 0 (throw)
        2:   33-block  1
    $$$$$:   33-block  2
call    4 never executed
function _ZN10UndoSterge6doUndoEv called 1 returned 100% blocks executed 100%
        1:   34:    void doUndo() override{
        1:   35:        repo.adaugareLocatar(loc);
        1:   35-block  0
call    0 returned 1
        1:   36:    }
        -:   37:};
        -:   38:
        -:   39:class UndoModificare : public ActiuneUndo {
        -:   40:private:
        -:   41:    AbstractRepository& repo;
        -:   42:    Locatar loc;
        -:   43:public:
function _ZN14UndoModificareC1ER18AbstractRepositoryR7Locatar called 2 returned 100% blocks executed 80%
        2:   44:    UndoModificare(AbstractRepository& repo, Locatar& loc) : repo{repo},loc{loc}{}
        2:   44-block  0
call    0 returned 2
call    1 returned 2
branch  2 taken 2 (fallthrough)
branch  3 taken 0 (throw)
        2:   44-block  1
    $$$$$:   44-block  2
call    4 never executed
function _ZN14UndoModificare6doUndoEv called 1 returned 100% blocks executed 64%
        1:   45:    void doUndo() override{
        1:   46:        repo.actualizareLocatar(loc.get_apartament(),loc.get_proprietar(),loc.get_suprafata(),loc.get_tip());
        1:   46-block  0
call    0 returned 1
branch  1 taken 1 (fallthrough)
branch  2 taken 0 (throw)
        1:   46-block  1
call    3 returned 1
branch  4 taken 1 (fallthrough)
branch  5 taken 0 (throw)
        1:   46-block  2
call    6 returned 1
branch  7 taken 1 (fallthrough)
branch  8 taken 0 (throw)
        1:   46-block  3
call    9 returned 1
branch 10 taken 1 (fallthrough)
branch 11 taken 0 (throw)
        1:   46-block  4
call   12 returned 1
branch 13 taken 1 (fallthrough)
branch 14 taken 0 (throw)
        1:   46-block  5
call   15 returned 1
call   16 returned 1
    $$$$$:   46-block  6
call   17 never executed
    $$$$$:   46-block  7
    $$$$$:   46-block  8
call   18 never executed
        1:   47:    }
        -:   48:
        -:   49:};
        -:   50:
        -:   51:
        -:   52:#endif //QTIE_UNDO_H
